2023-01-19 10:09:55,934 [Worker-3: Loading available Gradle versions] INFO  o.e.b.c.i.u.g.PublishedGradleVersions - Gradle version information cache is up-to-date. Trying to read.
2023-01-19 10:12:34,909 [Worker-11: Creating maven-archetype-quickstart] INFO  o.e.m.c.i.p.ProjectConfigurationManager - Collecting project info '/pom.xml' C:\Users\Sonali\Desktop\GitHub\Excercise\ferlini\pom.xml
2023-01-19 10:12:35,759 [Worker-11: Creating maven-archetype-quickstart] INFO  o.e.m.c.i.l.LifecycleMappingFactory - Using org.eclipse.m2e.jdt.JarLifecycleMapping lifecycle mapping for MavenProject: ferlini:ferlini:0.0.1-SNAPSHOT @ C:\Users\Sonali\Desktop\GitHub\Excercise\ferlini\pom.xml.
2023-01-19 10:12:36,071 [Worker-11: Creating maven-archetype-quickstart] INFO  o.e.m.j.i.AbstractJavaProjectConfigurator - Adding source folder /ferlini/src/main/java
2023-01-19 10:12:36,075 [Worker-11: Creating maven-archetype-quickstart] INFO  o.e.m.j.i.AbstractJavaProjectConfigurator - Adding source folder /ferlini/src/test/java
2023-01-19 10:12:36,309 [Worker-11: Creating maven-archetype-quickstart] INFO  o.e.m.c.i.p.ProjectConfigurationManager - Imported and configured 1 project(s) in 1 sec
2023-01-19 10:12:37,416 [Worker-12: Building] INFO  o.e.m.c.i.embedder.EclipseLogger - Using 'UTF-8' encoding to copy filtered resources.
2023-01-19 10:12:37,416 [Worker-12: Building] INFO  o.e.m.c.i.embedder.EclipseLogger - skip non existing resourceDirectory C:\Users\Sonali\Desktop\GitHub\Excercise\ferlini\src\main\resources
2023-01-19 10:12:37,419 [Worker-12: Building] INFO  o.e.m.c.i.embedder.EclipseLogger - Using 'UTF-8' encoding to copy filtered resources.
2023-01-19 10:12:37,419 [Worker-12: Building] INFO  o.e.m.c.i.embedder.EclipseLogger - skip non existing resourceDirectory C:\Users\Sonali\Desktop\GitHub\Excercise\ferlini\src\test\resources
2023-01-19 10:14:39,725 [Worker-14: Creating maven-archetype-quickstart] INFO  o.e.m.c.i.p.ProjectConfigurationManager - Collecting project info '/pom.xml' C:\Users\Sonali\Desktop\GitHub\Excercise\FerliniExcercise\pom.xml
2023-01-19 10:14:40,356 [Worker-14: Creating maven-archetype-quickstart] INFO  o.e.m.c.i.l.LifecycleMappingFactory - Using org.eclipse.m2e.jdt.JarLifecycleMapping lifecycle mapping for MavenProject: FerliniExcercise:FerliniExcercise:0.0.1-SNAPSHOT @ C:\Users\Sonali\Desktop\GitHub\Excercise\FerliniExcercise\pom.xml.
2023-01-19 10:14:40,555 [Worker-14: Creating maven-archetype-quickstart] INFO  o.e.m.j.i.AbstractJavaProjectConfigurator - Adding source folder /FerliniExcercise/src/main/java
2023-01-19 10:14:40,559 [Worker-14: Creating maven-archetype-quickstart] INFO  o.e.m.j.i.AbstractJavaProjectConfigurator - Adding source folder /FerliniExcercise/src/test/java
2023-01-19 10:14:40,598 [Worker-14: Creating maven-archetype-quickstart] INFO  o.e.m.c.i.p.ProjectConfigurationManager - Imported and configured 1 project(s) in 0 sec
2023-01-19 10:14:41,032 [Worker-14: Building] INFO  o.e.m.c.i.embedder.EclipseLogger - Using 'UTF-8' encoding to copy filtered resources.
2023-01-19 10:14:41,032 [Worker-14: Building] INFO  o.e.m.c.i.embedder.EclipseLogger - skip non existing resourceDirectory C:\Users\Sonali\Desktop\GitHub\Excercise\FerliniExcercise\src\main\resources
2023-01-19 10:14:41,036 [Worker-14: Building] INFO  o.e.m.c.i.embedder.EclipseLogger - Using 'UTF-8' encoding to copy filtered resources.
2023-01-19 10:14:41,037 [Worker-14: Building] INFO  o.e.m.c.i.embedder.EclipseLogger - skip non existing resourceDirectory C:\Users\Sonali\Desktop\GitHub\Excercise\FerliniExcercise\src\test\resources
2023-01-19 10:15:29,102 [Worker-18: Building] INFO  o.e.m.c.i.embedder.EclipseLogger - Using 'UTF-8' encoding to copy filtered resources.
2023-01-19 10:15:29,102 [Worker-18: Building] INFO  o.e.m.c.i.embedder.EclipseLogger - skip non existing resourceDirectory C:\Users\Sonali\Desktop\GitHub\Excercise\FerliniExcercise\src\main\resources
2023-01-19 10:15:29,103 [Worker-18: Building] INFO  o.e.m.c.i.embedder.EclipseLogger - Using 'UTF-8' encoding to copy filtered resources.
2023-01-19 10:15:29,104 [Worker-18: Building] INFO  o.e.m.c.i.embedder.EclipseLogger - skip non existing resourceDirectory C:\Users\Sonali\Desktop\GitHub\Excercise\FerliniExcercise\src\test\resources
2023-01-19 10:15:35,014 [Worker-0: Building] INFO  o.e.m.c.i.embedder.EclipseLogger - Using 'UTF-8' encoding to copy filtered resources.
2023-01-19 10:15:35,014 [Worker-0: Building] INFO  o.e.m.c.i.embedder.EclipseLogger - skip non existing resourceDirectory C:\Users\Sonali\Desktop\GitHub\Excercise\FerliniExcercise\src\main\resources
2023-01-19 10:15:35,016 [Worker-0: Building] INFO  o.e.m.c.i.embedder.EclipseLogger - Using 'UTF-8' encoding to copy filtered resources.
2023-01-19 10:15:35,017 [Worker-0: Building] INFO  o.e.m.c.i.embedder.EclipseLogger - skip non existing resourceDirectory C:\Users\Sonali\Desktop\GitHub\Excercise\FerliniExcercise\src\test\resources
2023-01-19 10:22:43,846 [Worker-24: Building] INFO  o.e.m.c.i.l.LifecycleMappingFactory - Using org.eclipse.m2e.jdt.JarLifecycleMapping lifecycle mapping for MavenProject: FerliniExcercise:FerliniExcercise:0.0.1-SNAPSHOT @ C:\Users\Sonali\Desktop\GitHub\Excercise\FerliniExcercise\pom.xml.
2023-01-19 10:22:44,755 [Worker-24: Building] INFO  o.e.m.c.i.embedder.EclipseLogger - Using 'UTF-8' encoding to copy filtered resources.
2023-01-19 10:22:44,755 [Worker-24: Building] INFO  o.e.m.c.i.embedder.EclipseLogger - skip non existing resourceDirectory C:\Users\Sonali\Desktop\GitHub\Excercise\FerliniExcercise\src\main\resources
2023-01-19 10:22:44,757 [Worker-24: Building] INFO  o.e.m.c.i.embedder.EclipseLogger - Using 'UTF-8' encoding to copy filtered resources.
2023-01-19 10:22:44,757 [Worker-24: Building] INFO  o.e.m.c.i.embedder.EclipseLogger - skip non existing resourceDirectory C:\Users\Sonali\Desktop\GitHub\Excercise\FerliniExcercise\src\test\resources
2023-01-19 10:25:14,036 [Worker-23: Building] INFO  o.e.m.c.i.embedder.EclipseLogger - Using 'UTF-8' encoding to copy filtered resources.
2023-01-19 10:25:14,036 [Worker-23: Building] INFO  o.e.m.c.i.embedder.EclipseLogger - skip non existing resourceDirectory C:\Users\Sonali\Desktop\GitHub\Excercise\FerliniExcercise\src\main\resources
2023-01-19 10:25:14,037 [Worker-23: Building] INFO  o.e.m.c.i.embedder.EclipseLogger - Using 'UTF-8' encoding to copy filtered resources.
2023-01-19 10:25:14,037 [Worker-23: Building] INFO  o.e.m.c.i.embedder.EclipseLogger - skip non existing resourceDirectory C:\Users\Sonali\Desktop\GitHub\Excercise\FerliniExcercise\src\test\resources
2023-01-19 10:25:25,144 [Worker-25: Building] INFO  o.e.m.c.i.embedder.EclipseLogger - Using 'UTF-8' encoding to copy filtered resources.
2023-01-19 10:25:25,145 [Worker-25: Building] INFO  o.e.m.c.i.embedder.EclipseLogger - skip non existing resourceDirectory C:\Users\Sonali\Desktop\GitHub\Excercise\FerliniExcercise\src\main\resources
2023-01-19 10:25:25,147 [Worker-25: Building] INFO  o.e.m.c.i.embedder.EclipseLogger - Using 'UTF-8' encoding to copy filtered resources.
2023-01-19 10:25:25,148 [Worker-25: Building] INFO  o.e.m.c.i.embedder.EclipseLogger - skip non existing resourceDirectory C:\Users\Sonali\Desktop\GitHub\Excercise\FerliniExcercise\src\test\resources
2023-01-19 10:31:43,014 [Worker-47: Building] INFO  o.e.m.c.i.embedder.EclipseLogger - Using 'UTF-8' encoding to copy filtered resources.
2023-01-19 10:31:43,014 [Worker-47: Building] INFO  o.e.m.c.i.embedder.EclipseLogger - skip non existing resourceDirectory C:\Users\Sonali\Desktop\GitHub\Excercise\FerliniExcercise\src\main\resources
2023-01-19 10:31:43,015 [Worker-47: Building] INFO  o.e.m.c.i.embedder.EclipseLogger - Using 'UTF-8' encoding to copy filtered resources.
2023-01-19 10:31:43,015 [Worker-47: Building] INFO  o.e.m.c.i.embedder.EclipseLogger - skip non existing resourceDirectory C:\Users\Sonali\Desktop\GitHub\Excercise\FerliniExcercise\src\test\resources
2023-01-19 10:32:17,821 [Worker-47: Building] INFO  o.e.m.c.i.embedder.EclipseLogger - Using 'UTF-8' encoding to copy filtered resources.
2023-01-19 10:32:17,821 [Worker-47: Building] INFO  o.e.m.c.i.embedder.EclipseLogger - skip non existing resourceDirectory C:\Users\Sonali\Desktop\GitHub\Excercise\FerliniExcercise\src\main\resources
2023-01-19 10:32:17,822 [Worker-47: Building] INFO  o.e.m.c.i.embedder.EclipseLogger - Using 'UTF-8' encoding to copy filtered resources.
2023-01-19 10:32:17,822 [Worker-47: Building] INFO  o.e.m.c.i.embedder.EclipseLogger - skip non existing resourceDirectory C:\Users\Sonali\Desktop\GitHub\Excercise\FerliniExcercise\src\test\resources
2023-01-19 10:32:45,330 [Worker-47: Building] INFO  o.e.m.c.i.embedder.EclipseLogger - Using 'UTF-8' encoding to copy filtered resources.
2023-01-19 10:32:45,330 [Worker-47: Building] INFO  o.e.m.c.i.embedder.EclipseLogger - skip non existing resourceDirectory C:\Users\Sonali\Desktop\GitHub\Excercise\FerliniExcercise\src\main\resources
2023-01-19 10:32:45,332 [Worker-47: Building] INFO  o.e.m.c.i.embedder.EclipseLogger - Using 'UTF-8' encoding to copy filtered resources.
2023-01-19 10:32:45,332 [Worker-47: Building] INFO  o.e.m.c.i.embedder.EclipseLogger - skip non existing resourceDirectory C:\Users\Sonali\Desktop\GitHub\Excercise\FerliniExcercise\src\test\resources
2023-01-19 10:57:35,105 [Worker-55: Launching HomePage] INFO  o.e.m.c.i.embedder.EclipseLogger - Using 'UTF-8' encoding to copy filtered resources.
2023-01-19 10:57:35,105 [Worker-55: Launching HomePage] INFO  o.e.m.c.i.embedder.EclipseLogger - skip non existing resourceDirectory C:\Users\Sonali\Desktop\GitHub\Excercise\FerliniExcercise\src\main\resources
2023-01-19 10:57:35,106 [Worker-55: Launching HomePage] INFO  o.e.m.c.i.embedder.EclipseLogger - Using 'UTF-8' encoding to copy filtered resources.
2023-01-19 10:57:35,106 [Worker-55: Launching HomePage] INFO  o.e.m.c.i.embedder.EclipseLogger - skip non existing resourceDirectory C:\Users\Sonali\Desktop\GitHub\Excercise\FerliniExcercise\src\test\resources
2023-01-19 11:07:09,395 [Worker-61: Launching TestBase] INFO  o.e.m.c.i.embedder.EclipseLogger - Using 'UTF-8' encoding to copy filtered resources.
2023-01-19 11:07:09,395 [Worker-61: Launching TestBase] INFO  o.e.m.c.i.embedder.EclipseLogger - skip non existing resourceDirectory C:\Users\Sonali\Desktop\GitHub\Excercise\FerliniExcercise\src\main\resources
2023-01-19 11:07:09,396 [Worker-61: Launching TestBase] INFO  o.e.m.c.i.embedder.EclipseLogger - Using 'UTF-8' encoding to copy filtered resources.
2023-01-19 11:07:09,397 [Worker-61: Launching TestBase] INFO  o.e.m.c.i.embedder.EclipseLogger - skip non existing resourceDirectory C:\Users\Sonali\Desktop\GitHub\Excercise\FerliniExcercise\src\test\resources
2023-01-19 11:08:59,350 [Worker-53: Launching TestBase] INFO  o.e.m.c.i.embedder.EclipseLogger - Using 'UTF-8' encoding to copy filtered resources.
2023-01-19 11:08:59,351 [Worker-53: Launching TestBase] INFO  o.e.m.c.i.embedder.EclipseLogger - skip non existing resourceDirectory C:\Users\Sonali\Desktop\GitHub\Excercise\FerliniExcercise\src\main\resources
2023-01-19 11:08:59,352 [Worker-53: Launching TestBase] INFO  o.e.m.c.i.embedder.EclipseLogger - Using 'UTF-8' encoding to copy filtered resources.
2023-01-19 11:08:59,352 [Worker-53: Launching TestBase] INFO  o.e.m.c.i.embedder.EclipseLogger - skip non existing resourceDirectory C:\Users\Sonali\Desktop\GitHub\Excercise\FerliniExcercise\src\test\resources
2023-01-19 11:09:51,569 [Worker-60: Launching TestBase] INFO  o.e.m.c.i.embedder.EclipseLogger - Using 'UTF-8' encoding to copy filtered resources.
2023-01-19 11:09:51,569 [Worker-60: Launching TestBase] INFO  o.e.m.c.i.embedder.EclipseLogger - skip non existing resourceDirectory C:\Users\Sonali\Desktop\GitHub\Excercise\FerliniExcercise\src\main\resources
2023-01-19 11:09:51,569 [Worker-60: Launching TestBase] INFO  o.e.m.c.i.embedder.EclipseLogger - Using 'UTF-8' encoding to copy filtered resources.
2023-01-19 11:09:51,569 [Worker-60: Launching TestBase] INFO  o.e.m.c.i.embedder.EclipseLogger - skip non existing resourceDirectory C:\Users\Sonali\Desktop\GitHub\Excercise\FerliniExcercise\src\test\resources
2023-01-19 11:20:07,233 [Worker-68: Launching Contattaci] INFO  o.e.m.c.i.embedder.EclipseLogger - Using 'UTF-8' encoding to copy filtered resources.
2023-01-19 11:20:07,234 [Worker-68: Launching Contattaci] INFO  o.e.m.c.i.embedder.EclipseLogger - skip non existing resourceDirectory C:\Users\Sonali\Desktop\GitHub\Excercise\FerliniExcercise\src\main\resources
2023-01-19 11:20:07,235 [Worker-68: Launching Contattaci] INFO  o.e.m.c.i.embedder.EclipseLogger - Using 'UTF-8' encoding to copy filtered resources.
2023-01-19 11:20:07,235 [Worker-68: Launching Contattaci] INFO  o.e.m.c.i.embedder.EclipseLogger - skip non existing resourceDirectory C:\Users\Sonali\Desktop\GitHub\Excercise\FerliniExcercise\src\test\resources
2023-01-19 11:21:15,988 [Worker-64: Launching TestBase] INFO  o.e.m.c.i.embedder.EclipseLogger - Using 'UTF-8' encoding to copy filtered resources.
2023-01-19 11:21:15,988 [Worker-64: Launching TestBase] INFO  o.e.m.c.i.embedder.EclipseLogger - skip non existing resourceDirectory C:\Users\Sonali\Desktop\GitHub\Excercise\FerliniExcercise\src\main\resources
2023-01-19 11:21:15,989 [Worker-64: Launching TestBase] INFO  o.e.m.c.i.embedder.EclipseLogger - Using 'UTF-8' encoding to copy filtered resources.
2023-01-19 11:21:15,989 [Worker-64: Launching TestBase] INFO  o.e.m.c.i.embedder.EclipseLogger - skip non existing resourceDirectory C:\Users\Sonali\Desktop\GitHub\Excercise\FerliniExcercise\src\test\resources
2023-01-19 11:22:34,613 [Worker-66: Launching TestBase] INFO  o.e.m.c.i.embedder.EclipseLogger - Using 'UTF-8' encoding to copy filtered resources.
2023-01-19 11:22:34,613 [Worker-66: Launching TestBase] INFO  o.e.m.c.i.embedder.EclipseLogger - skip non existing resourceDirectory C:\Users\Sonali\Desktop\GitHub\Excercise\FerliniExcercise\src\main\resources
2023-01-19 11:22:34,614 [Worker-66: Launching TestBase] INFO  o.e.m.c.i.embedder.EclipseLogger - Using 'UTF-8' encoding to copy filtered resources.
2023-01-19 11:22:34,614 [Worker-66: Launching TestBase] INFO  o.e.m.c.i.embedder.EclipseLogger - skip non existing resourceDirectory C:\Users\Sonali\Desktop\GitHub\Excercise\FerliniExcercise\src\test\resources
2023-01-19 11:28:41,187 [Worker-72: Launching SearchContacttaci] INFO  o.e.m.c.i.embedder.EclipseLogger - Using 'UTF-8' encoding to copy filtered resources.
2023-01-19 11:28:41,188 [Worker-72: Launching SearchContacttaci] INFO  o.e.m.c.i.embedder.EclipseLogger - skip non existing resourceDirectory C:\Users\Sonali\Desktop\GitHub\Excercise\FerliniExcercise\src\main\resources
2023-01-19 11:28:41,189 [Worker-72: Launching SearchContacttaci] INFO  o.e.m.c.i.embedder.EclipseLogger - Using 'UTF-8' encoding to copy filtered resources.
2023-01-19 11:28:41,189 [Worker-72: Launching SearchContacttaci] INFO  o.e.m.c.i.embedder.EclipseLogger - skip non existing resourceDirectory C:\Users\Sonali\Desktop\GitHub\Excercise\FerliniExcercise\src\test\resources
2023-01-19 12:42:57,298 [Worker-75: Launching TestBase] INFO  o.e.m.c.i.embedder.EclipseLogger - Using 'UTF-8' encoding to copy filtered resources.
2023-01-19 12:42:57,298 [Worker-75: Launching TestBase] INFO  o.e.m.c.i.embedder.EclipseLogger - skip non existing resourceDirectory C:\Users\Sonali\Desktop\GitHub\Excercise\FerliniExcercise\src\main\resources
2023-01-19 12:42:57,300 [Worker-75: Launching TestBase] INFO  o.e.m.c.i.embedder.EclipseLogger - Using 'UTF-8' encoding to copy filtered resources.
2023-01-19 12:42:57,300 [Worker-75: Launching TestBase] INFO  o.e.m.c.i.embedder.EclipseLogger - skip non existing resourceDirectory C:\Users\Sonali\Desktop\GitHub\Excercise\FerliniExcercise\src\test\resources
2023-01-19 12:45:24,550 [Worker-72: Launching TestBase] INFO  o.e.m.c.i.embedder.EclipseLogger - Using 'UTF-8' encoding to copy filtered resources.
2023-01-19 12:45:24,550 [Worker-72: Launching TestBase] INFO  o.e.m.c.i.embedder.EclipseLogger - skip non existing resourceDirectory C:\Users\Sonali\Desktop\GitHub\Excercise\FerliniExcercise\src\main\resources
2023-01-19 12:45:24,553 [Worker-72: Launching TestBase] INFO  o.e.m.c.i.embedder.EclipseLogger - Using 'UTF-8' encoding to copy filtered resources.
2023-01-19 12:45:24,553 [Worker-72: Launching TestBase] INFO  o.e.m.c.i.embedder.EclipseLogger - skip non existing resourceDirectory C:\Users\Sonali\Desktop\GitHub\Excercise\FerliniExcercise\src\test\resources
2023-01-19 12:48:57,761 [Worker-82: Launching TestBase] INFO  o.e.m.c.i.embedder.EclipseLogger - Using 'UTF-8' encoding to copy filtered resources.
2023-01-19 12:48:57,762 [Worker-82: Launching TestBase] INFO  o.e.m.c.i.embedder.EclipseLogger - skip non existing resourceDirectory C:\Users\Sonali\Desktop\GitHub\Excercise\FerliniExcercise\src\main\resources
2023-01-19 12:48:57,763 [Worker-82: Launching TestBase] INFO  o.e.m.c.i.embedder.EclipseLogger - Using 'UTF-8' encoding to copy filtered resources.
2023-01-19 12:48:57,763 [Worker-82: Launching TestBase] INFO  o.e.m.c.i.embedder.EclipseLogger - skip non existing resourceDirectory C:\Users\Sonali\Desktop\GitHub\Excercise\FerliniExcercise\src\test\resources
2023-01-19 12:52:27,649 [Worker-75: Launching TestBase] INFO  o.e.m.c.i.embedder.EclipseLogger - Using 'UTF-8' encoding to copy filtered resources.
2023-01-19 12:52:27,650 [Worker-75: Launching TestBase] INFO  o.e.m.c.i.embedder.EclipseLogger - skip non existing resourceDirectory C:\Users\Sonali\Desktop\GitHub\Excercise\FerliniExcercise\src\main\resources
2023-01-19 12:52:27,653 [Worker-75: Launching TestBase] INFO  o.e.m.c.i.embedder.EclipseLogger - Using 'UTF-8' encoding to copy filtered resources.
2023-01-19 12:52:27,653 [Worker-75: Launching TestBase] INFO  o.e.m.c.i.embedder.EclipseLogger - skip non existing resourceDirectory C:\Users\Sonali\Desktop\GitHub\Excercise\FerliniExcercise\src\test\resources
2023-01-19 13:10:27,450 [Worker-88: Launching TestBase] INFO  o.e.m.c.i.embedder.EclipseLogger - Using 'UTF-8' encoding to copy filtered resources.
2023-01-19 13:10:27,451 [Worker-88: Launching TestBase] INFO  o.e.m.c.i.embedder.EclipseLogger - skip non existing resourceDirectory C:\Users\Sonali\Desktop\GitHub\Excercise\FerliniExcercise\src\main\resources
2023-01-19 13:10:27,455 [Worker-88: Launching TestBase] INFO  o.e.m.c.i.embedder.EclipseLogger - Using 'UTF-8' encoding to copy filtered resources.
2023-01-19 13:10:27,455 [Worker-88: Launching TestBase] INFO  o.e.m.c.i.embedder.EclipseLogger - skip non existing resourceDirectory C:\Users\Sonali\Desktop\GitHub\Excercise\FerliniExcercise\src\test\resources
2023-01-19 13:30:24,021 [Worker-93: Launching TestBase] INFO  o.e.m.c.i.embedder.EclipseLogger - Using 'UTF-8' encoding to copy filtered resources.
2023-01-19 13:30:24,021 [Worker-93: Launching TestBase] INFO  o.e.m.c.i.embedder.EclipseLogger - skip non existing resourceDirectory C:\Users\Sonali\Desktop\GitHub\Excercise\FerliniExcercise\src\main\resources
2023-01-19 13:30:24,024 [Worker-93: Launching TestBase] INFO  o.e.m.c.i.embedder.EclipseLogger - Using 'UTF-8' encoding to copy filtered resources.
2023-01-19 13:30:24,024 [Worker-93: Launching TestBase] INFO  o.e.m.c.i.embedder.EclipseLogger - skip non existing resourceDirectory C:\Users\Sonali\Desktop\GitHub\Excercise\FerliniExcercise\src\test\resources
2023-01-19 14:01:09,670 [Worker-99: Launching TestBase] INFO  o.e.m.c.i.embedder.EclipseLogger - Using 'UTF-8' encoding to copy filtered resources.
2023-01-19 14:01:09,670 [Worker-99: Launching TestBase] INFO  o.e.m.c.i.embedder.EclipseLogger - skip non existing resourceDirectory C:\Users\Sonali\Desktop\GitHub\Excercise\FerliniExcercise\src\main\resources
2023-01-19 14:01:09,674 [Worker-99: Launching TestBase] INFO  o.e.m.c.i.embedder.EclipseLogger - Using 'UTF-8' encoding to copy filtered resources.
2023-01-19 14:01:09,674 [Worker-99: Launching TestBase] INFO  o.e.m.c.i.embedder.EclipseLogger - skip non existing resourceDirectory C:\Users\Sonali\Desktop\GitHub\Excercise\FerliniExcercise\src\test\resources
2023-01-19 14:03:47,317 [Worker-99: Launching TestBase] INFO  o.e.m.c.i.embedder.EclipseLogger - Using 'UTF-8' encoding to copy filtered resources.
2023-01-19 14:03:47,317 [Worker-99: Launching TestBase] INFO  o.e.m.c.i.embedder.EclipseLogger - skip non existing resourceDirectory C:\Users\Sonali\Desktop\GitHub\Excercise\FerliniExcercise\src\main\resources
2023-01-19 14:03:47,319 [Worker-99: Launching TestBase] INFO  o.e.m.c.i.embedder.EclipseLogger - Using 'UTF-8' encoding to copy filtered resources.
2023-01-19 14:03:47,319 [Worker-99: Launching TestBase] INFO  o.e.m.c.i.embedder.EclipseLogger - skip non existing resourceDirectory C:\Users\Sonali\Desktop\GitHub\Excercise\FerliniExcercise\src\test\resources
2023-01-19 14:09:06,069 [Worker-106: Launching TestBase] INFO  o.e.m.c.i.embedder.EclipseLogger - Using 'UTF-8' encoding to copy filtered resources.
2023-01-19 14:09:06,070 [Worker-106: Launching TestBase] INFO  o.e.m.c.i.embedder.EclipseLogger - skip non existing resourceDirectory C:\Users\Sonali\Desktop\GitHub\Excercise\FerliniExcercise\src\main\resources
2023-01-19 14:09:06,073 [Worker-106: Launching TestBase] INFO  o.e.m.c.i.embedder.EclipseLogger - Using 'UTF-8' encoding to copy filtered resources.
2023-01-19 14:09:06,075 [Worker-106: Launching TestBase] INFO  o.e.m.c.i.embedder.EclipseLogger - skip non existing resourceDirectory C:\Users\Sonali\Desktop\GitHub\Excercise\FerliniExcercise\src\test\resources
2023-01-19 14:10:21,119 [Worker-109: Launching TestBase] INFO  o.e.m.c.i.embedder.EclipseLogger - Using 'UTF-8' encoding to copy filtered resources.
2023-01-19 14:10:21,119 [Worker-109: Launching TestBase] INFO  o.e.m.c.i.embedder.EclipseLogger - skip non existing resourceDirectory C:\Users\Sonali\Desktop\GitHub\Excercise\FerliniExcercise\src\main\resources
2023-01-19 14:10:21,120 [Worker-109: Launching TestBase] INFO  o.e.m.c.i.embedder.EclipseLogger - Using 'UTF-8' encoding to copy filtered resources.
2023-01-19 14:10:21,120 [Worker-109: Launching TestBase] INFO  o.e.m.c.i.embedder.EclipseLogger - skip non existing resourceDirectory C:\Users\Sonali\Desktop\GitHub\Excercise\FerliniExcercise\src\test\resources
2023-01-19 14:14:46,870 [Worker-110: Launching TestBase] INFO  o.e.m.c.i.embedder.EclipseLogger - Using 'UTF-8' encoding to copy filtered resources.
2023-01-19 14:14:46,871 [Worker-110: Launching TestBase] INFO  o.e.m.c.i.embedder.EclipseLogger - skip non existing resourceDirectory C:\Users\Sonali\Desktop\GitHub\Excercise\FerliniExcercise\src\main\resources
2023-01-19 14:14:46,872 [Worker-110: Launching TestBase] INFO  o.e.m.c.i.embedder.EclipseLogger - Using 'UTF-8' encoding to copy filtered resources.
2023-01-19 14:14:46,872 [Worker-110: Launching TestBase] INFO  o.e.m.c.i.embedder.EclipseLogger - skip non existing resourceDirectory C:\Users\Sonali\Desktop\GitHub\Excercise\FerliniExcercise\src\test\resources
2023-01-19 14:19:59,616 [Worker-106: Launching TestBase] INFO  o.e.m.c.i.embedder.EclipseLogger - Using 'UTF-8' encoding to copy filtered resources.
2023-01-19 14:19:59,616 [Worker-106: Launching TestBase] INFO  o.e.m.c.i.embedder.EclipseLogger - skip non existing resourceDirectory C:\Users\Sonali\Desktop\GitHub\Excercise\FerliniExcercise\src\main\resources
2023-01-19 14:19:59,617 [Worker-106: Launching TestBase] INFO  o.e.m.c.i.embedder.EclipseLogger - Using 'UTF-8' encoding to copy filtered resources.
2023-01-19 14:19:59,617 [Worker-106: Launching TestBase] INFO  o.e.m.c.i.embedder.EclipseLogger - skip non existing resourceDirectory C:\Users\Sonali\Desktop\GitHub\Excercise\FerliniExcercise\src\test\resources
2023-01-19 14:23:22,095 [Worker-106: Launching TestBase] INFO  o.e.m.c.i.embedder.EclipseLogger - Using 'UTF-8' encoding to copy filtered resources.
2023-01-19 14:23:22,096 [Worker-106: Launching TestBase] INFO  o.e.m.c.i.embedder.EclipseLogger - skip non existing resourceDirectory C:\Users\Sonali\Desktop\GitHub\Excercise\FerliniExcercise\src\main\resources
2023-01-19 14:23:22,100 [Worker-106: Launching TestBase] INFO  o.e.m.c.i.embedder.EclipseLogger - Using 'UTF-8' encoding to copy filtered resources.
2023-01-19 14:23:22,100 [Worker-106: Launching TestBase] INFO  o.e.m.c.i.embedder.EclipseLogger - skip non existing resourceDirectory C:\Users\Sonali\Desktop\GitHub\Excercise\FerliniExcercise\src\test\resources
2023-01-19 14:25:35,051 [Worker-114: Launching TestBase] INFO  o.e.m.c.i.embedder.EclipseLogger - Using 'UTF-8' encoding to copy filtered resources.
2023-01-19 14:25:35,051 [Worker-114: Launching TestBase] INFO  o.e.m.c.i.embedder.EclipseLogger - skip non existing resourceDirectory C:\Users\Sonali\Desktop\GitHub\Excercise\FerliniExcercise\src\main\resources
2023-01-19 14:25:35,052 [Worker-114: Launching TestBase] INFO  o.e.m.c.i.embedder.EclipseLogger - Using 'UTF-8' encoding to copy filtered resources.
2023-01-19 14:25:35,052 [Worker-114: Launching TestBase] INFO  o.e.m.c.i.embedder.EclipseLogger - skip non existing resourceDirectory C:\Users\Sonali\Desktop\GitHub\Excercise\FerliniExcercise\src\test\resources
2023-01-19 14:26:29,103 [Worker-119: Launching TestBase] INFO  o.e.m.c.i.embedder.EclipseLogger - Using 'UTF-8' encoding to copy filtered resources.
2023-01-19 14:26:29,103 [Worker-119: Launching TestBase] INFO  o.e.m.c.i.embedder.EclipseLogger - skip non existing resourceDirectory C:\Users\Sonali\Desktop\GitHub\Excercise\FerliniExcercise\src\main\resources
2023-01-19 14:26:29,105 [Worker-119: Launching TestBase] INFO  o.e.m.c.i.embedder.EclipseLogger - Using 'UTF-8' encoding to copy filtered resources.
2023-01-19 14:26:29,105 [Worker-119: Launching TestBase] INFO  o.e.m.c.i.embedder.EclipseLogger - skip non existing resourceDirectory C:\Users\Sonali\Desktop\GitHub\Excercise\FerliniExcercise\src\test\resources
2023-01-19 14:28:10,516 [Worker-117: Launching TestBase] INFO  o.e.m.c.i.embedder.EclipseLogger - Using 'UTF-8' encoding to copy filtered resources.
2023-01-19 14:28:10,516 [Worker-117: Launching TestBase] INFO  o.e.m.c.i.embedder.EclipseLogger - skip non existing resourceDirectory C:\Users\Sonali\Desktop\GitHub\Excercise\FerliniExcercise\src\main\resources
2023-01-19 14:28:10,517 [Worker-117: Launching TestBase] INFO  o.e.m.c.i.embedder.EclipseLogger - Using 'UTF-8' encoding to copy filtered resources.
2023-01-19 14:28:10,517 [Worker-117: Launching TestBase] INFO  o.e.m.c.i.embedder.EclipseLogger - skip non existing resourceDirectory C:\Users\Sonali\Desktop\GitHub\Excercise\FerliniExcercise\src\test\resources
2023-01-19 14:30:01,190 [Worker-118: Launching TestBase] INFO  o.e.m.c.i.embedder.EclipseLogger - Using 'UTF-8' encoding to copy filtered resources.
2023-01-19 14:30:01,190 [Worker-118: Launching TestBase] INFO  o.e.m.c.i.embedder.EclipseLogger - skip non existing resourceDirectory C:\Users\Sonali\Desktop\GitHub\Excercise\FerliniExcercise\src\main\resources
2023-01-19 14:30:01,191 [Worker-118: Launching TestBase] INFO  o.e.m.c.i.embedder.EclipseLogger - Using 'UTF-8' encoding to copy filtered resources.
2023-01-19 14:30:01,191 [Worker-118: Launching TestBase] INFO  o.e.m.c.i.embedder.EclipseLogger - skip non existing resourceDirectory C:\Users\Sonali\Desktop\GitHub\Excercise\FerliniExcercise\src\test\resources
2023-01-19 14:37:45,023 [Worker-122: Launching TestBase] INFO  o.e.m.c.i.embedder.EclipseLogger - Using 'UTF-8' encoding to copy filtered resources.
2023-01-19 14:37:45,023 [Worker-122: Launching TestBase] INFO  o.e.m.c.i.embedder.EclipseLogger - skip non existing resourceDirectory C:\Users\Sonali\Desktop\GitHub\Excercise\FerliniExcercise\src\main\resources
2023-01-19 14:37:45,024 [Worker-122: Launching TestBase] INFO  o.e.m.c.i.embedder.EclipseLogger - Using 'UTF-8' encoding to copy filtered resources.
2023-01-19 14:37:45,024 [Worker-122: Launching TestBase] INFO  o.e.m.c.i.embedder.EclipseLogger - skip non existing resourceDirectory C:\Users\Sonali\Desktop\GitHub\Excercise\FerliniExcercise\src\test\resources
2023-01-19 14:38:35,942 [Worker-125: Launching TestBase] INFO  o.e.m.c.i.embedder.EclipseLogger - Using 'UTF-8' encoding to copy filtered resources.
2023-01-19 14:38:35,943 [Worker-125: Launching TestBase] INFO  o.e.m.c.i.embedder.EclipseLogger - skip non existing resourceDirectory C:\Users\Sonali\Desktop\GitHub\Excercise\FerliniExcercise\src\main\resources
2023-01-19 14:38:35,944 [Worker-125: Launching TestBase] INFO  o.e.m.c.i.embedder.EclipseLogger - Using 'UTF-8' encoding to copy filtered resources.
2023-01-19 14:38:35,944 [Worker-125: Launching TestBase] INFO  o.e.m.c.i.embedder.EclipseLogger - skip non existing resourceDirectory C:\Users\Sonali\Desktop\GitHub\Excercise\FerliniExcercise\src\test\resources
2023-01-19 14:39:55,500 [Worker-129: Launching TestBase] INFO  o.e.m.c.i.embedder.EclipseLogger - Using 'UTF-8' encoding to copy filtered resources.
2023-01-19 14:39:55,500 [Worker-129: Launching TestBase] INFO  o.e.m.c.i.embedder.EclipseLogger - skip non existing resourceDirectory C:\Users\Sonali\Desktop\GitHub\Excercise\FerliniExcercise\src\main\resources
2023-01-19 14:39:55,501 [Worker-129: Launching TestBase] INFO  o.e.m.c.i.embedder.EclipseLogger - Using 'UTF-8' encoding to copy filtered resources.
2023-01-19 14:39:55,501 [Worker-129: Launching TestBase] INFO  o.e.m.c.i.embedder.EclipseLogger - skip non existing resourceDirectory C:\Users\Sonali\Desktop\GitHub\Excercise\FerliniExcercise\src\test\resources
2023-01-19 14:42:41,093 [Worker-127: Launching TestBase] INFO  o.e.m.c.i.embedder.EclipseLogger - Using 'UTF-8' encoding to copy filtered resources.
2023-01-19 14:42:41,093 [Worker-127: Launching TestBase] INFO  o.e.m.c.i.embedder.EclipseLogger - skip non existing resourceDirectory C:\Users\Sonali\Desktop\GitHub\Excercise\FerliniExcercise\src\main\resources
2023-01-19 14:42:41,094 [Worker-127: Launching TestBase] INFO  o.e.m.c.i.embedder.EclipseLogger - Using 'UTF-8' encoding to copy filtered resources.
2023-01-19 14:42:41,094 [Worker-127: Launching TestBase] INFO  o.e.m.c.i.embedder.EclipseLogger - skip non existing resourceDirectory C:\Users\Sonali\Desktop\GitHub\Excercise\FerliniExcercise\src\test\resources
2023-01-19 14:46:17,017 [Worker-131: Launching TestBase] INFO  o.e.m.c.i.embedder.EclipseLogger - Using 'UTF-8' encoding to copy filtered resources.
2023-01-19 14:46:17,017 [Worker-131: Launching TestBase] INFO  o.e.m.c.i.embedder.EclipseLogger - skip non existing resourceDirectory C:\Users\Sonali\Desktop\GitHub\Excercise\FerliniExcercise\src\main\resources
2023-01-19 14:46:17,018 [Worker-131: Launching TestBase] INFO  o.e.m.c.i.embedder.EclipseLogger - Using 'UTF-8' encoding to copy filtered resources.
2023-01-19 14:46:17,018 [Worker-131: Launching TestBase] INFO  o.e.m.c.i.embedder.EclipseLogger - skip non existing resourceDirectory C:\Users\Sonali\Desktop\GitHub\Excercise\FerliniExcercise\src\test\resources
2023-01-19 14:55:01,748 [Worker-140: Launching TestBase] INFO  o.e.m.c.i.embedder.EclipseLogger - Using 'UTF-8' encoding to copy filtered resources.
2023-01-19 14:55:01,749 [Worker-140: Launching TestBase] INFO  o.e.m.c.i.embedder.EclipseLogger - skip non existing resourceDirectory C:\Users\Sonali\Desktop\GitHub\Excercise\FerliniExcercise\src\main\resources
2023-01-19 14:55:01,749 [Worker-140: Launching TestBase] INFO  o.e.m.c.i.embedder.EclipseLogger - Using 'UTF-8' encoding to copy filtered resources.
2023-01-19 14:55:01,749 [Worker-140: Launching TestBase] INFO  o.e.m.c.i.embedder.EclipseLogger - skip non existing resourceDirectory C:\Users\Sonali\Desktop\GitHub\Excercise\FerliniExcercise\src\test\resources
2023-01-19 14:57:06,462 [Worker-140: Launching TestBase] INFO  o.e.m.c.i.embedder.EclipseLogger - Using 'UTF-8' encoding to copy filtered resources.
2023-01-19 14:57:06,463 [Worker-140: Launching TestBase] INFO  o.e.m.c.i.embedder.EclipseLogger - skip non existing resourceDirectory C:\Users\Sonali\Desktop\GitHub\Excercise\FerliniExcercise\src\main\resources
2023-01-19 14:57:06,464 [Worker-140: Launching TestBase] INFO  o.e.m.c.i.embedder.EclipseLogger - Using 'UTF-8' encoding to copy filtered resources.
2023-01-19 14:57:06,464 [Worker-140: Launching TestBase] INFO  o.e.m.c.i.embedder.EclipseLogger - skip non existing resourceDirectory C:\Users\Sonali\Desktop\GitHub\Excercise\FerliniExcercise\src\test\resources
2023-01-19 14:58:22,847 [Worker-140: Launching TestBase] INFO  o.e.m.c.i.embedder.EclipseLogger - Using 'UTF-8' encoding to copy filtered resources.
2023-01-19 14:58:22,848 [Worker-140: Launching TestBase] INFO  o.e.m.c.i.embedder.EclipseLogger - skip non existing resourceDirectory C:\Users\Sonali\Desktop\GitHub\Excercise\FerliniExcercise\src\main\resources
2023-01-19 14:58:22,850 [Worker-140: Launching TestBase] INFO  o.e.m.c.i.embedder.EclipseLogger - Using 'UTF-8' encoding to copy filtered resources.
2023-01-19 14:58:22,850 [Worker-140: Launching TestBase] INFO  o.e.m.c.i.embedder.EclipseLogger - skip non existing resourceDirectory C:\Users\Sonali\Desktop\GitHub\Excercise\FerliniExcercise\src\test\resources
2023-01-19 14:59:38,529 [Worker-142: Launching TestBase] INFO  o.e.m.c.i.embedder.EclipseLogger - Using 'UTF-8' encoding to copy filtered resources.
2023-01-19 14:59:38,530 [Worker-142: Launching TestBase] INFO  o.e.m.c.i.embedder.EclipseLogger - skip non existing resourceDirectory C:\Users\Sonali\Desktop\GitHub\Excercise\FerliniExcercise\src\main\resources
2023-01-19 14:59:38,530 [Worker-142: Launching TestBase] INFO  o.e.m.c.i.embedder.EclipseLogger - Using 'UTF-8' encoding to copy filtered resources.
2023-01-19 14:59:38,530 [Worker-142: Launching TestBase] INFO  o.e.m.c.i.embedder.EclipseLogger - skip non existing resourceDirectory C:\Users\Sonali\Desktop\GitHub\Excercise\FerliniExcercise\src\test\resources
2023-01-19 15:01:02,536 [Worker-143: Launching TestBase] INFO  o.e.m.c.i.embedder.EclipseLogger - Using 'UTF-8' encoding to copy filtered resources.
2023-01-19 15:01:02,537 [Worker-143: Launching TestBase] INFO  o.e.m.c.i.embedder.EclipseLogger - skip non existing resourceDirectory C:\Users\Sonali\Desktop\GitHub\Excercise\FerliniExcercise\src\main\resources
2023-01-19 15:01:02,538 [Worker-143: Launching TestBase] INFO  o.e.m.c.i.embedder.EclipseLogger - Using 'UTF-8' encoding to copy filtered resources.
2023-01-19 15:01:02,538 [Worker-143: Launching TestBase] INFO  o.e.m.c.i.embedder.EclipseLogger - skip non existing resourceDirectory C:\Users\Sonali\Desktop\GitHub\Excercise\FerliniExcercise\src\test\resources
2023-01-19 15:03:21,543 [Worker-143: Launching TestBase] INFO  o.e.m.c.i.embedder.EclipseLogger - Using 'UTF-8' encoding to copy filtered resources.
2023-01-19 15:03:21,543 [Worker-143: Launching TestBase] INFO  o.e.m.c.i.embedder.EclipseLogger - skip non existing resourceDirectory C:\Users\Sonali\Desktop\GitHub\Excercise\FerliniExcercise\src\main\resources
2023-01-19 15:03:21,544 [Worker-143: Launching TestBase] INFO  o.e.m.c.i.embedder.EclipseLogger - Using 'UTF-8' encoding to copy filtered resources.
2023-01-19 15:03:21,544 [Worker-143: Launching TestBase] INFO  o.e.m.c.i.embedder.EclipseLogger - skip non existing resourceDirectory C:\Users\Sonali\Desktop\GitHub\Excercise\FerliniExcercise\src\test\resources
2023-01-19 15:13:24,694 [Worker-147: Launching TestBase] INFO  o.e.m.c.i.embedder.EclipseLogger - Using 'UTF-8' encoding to copy filtered resources.
2023-01-19 15:13:24,694 [Worker-147: Launching TestBase] INFO  o.e.m.c.i.embedder.EclipseLogger - skip non existing resourceDirectory C:\Users\Sonali\Desktop\GitHub\Excercise\FerliniExcercise\src\main\resources
2023-01-19 15:13:24,695 [Worker-147: Launching TestBase] INFO  o.e.m.c.i.embedder.EclipseLogger - Using 'UTF-8' encoding to copy filtered resources.
2023-01-19 15:13:24,695 [Worker-147: Launching TestBase] INFO  o.e.m.c.i.embedder.EclipseLogger - skip non existing resourceDirectory C:\Users\Sonali\Desktop\GitHub\Excercise\FerliniExcercise\src\test\resources
2023-01-19 15:15:00,965 [Worker-151: Launching TestBase] INFO  o.e.m.c.i.embedder.EclipseLogger - Using 'UTF-8' encoding to copy filtered resources.
2023-01-19 15:15:00,966 [Worker-151: Launching TestBase] INFO  o.e.m.c.i.embedder.EclipseLogger - skip non existing resourceDirectory C:\Users\Sonali\Desktop\GitHub\Excercise\FerliniExcercise\src\main\resources
2023-01-19 15:15:00,968 [Worker-151: Launching TestBase] INFO  o.e.m.c.i.embedder.EclipseLogger - Using 'UTF-8' encoding to copy filtered resources.
2023-01-19 15:15:00,968 [Worker-151: Launching TestBase] INFO  o.e.m.c.i.embedder.EclipseLogger - skip non existing resourceDirectory C:\Users\Sonali\Desktop\GitHub\Excercise\FerliniExcercise\src\test\resources
2023-01-19 15:16:51,700 [Worker-149: Launching TestBase] INFO  o.e.m.c.i.embedder.EclipseLogger - Using 'UTF-8' encoding to copy filtered resources.
2023-01-19 15:16:51,700 [Worker-149: Launching TestBase] INFO  o.e.m.c.i.embedder.EclipseLogger - skip non existing resourceDirectory C:\Users\Sonali\Desktop\GitHub\Excercise\FerliniExcercise\src\main\resources
2023-01-19 15:16:51,702 [Worker-149: Launching TestBase] INFO  o.e.m.c.i.embedder.EclipseLogger - Using 'UTF-8' encoding to copy filtered resources.
2023-01-19 15:16:51,702 [Worker-149: Launching TestBase] INFO  o.e.m.c.i.embedder.EclipseLogger - skip non existing resourceDirectory C:\Users\Sonali\Desktop\GitHub\Excercise\FerliniExcercise\src\test\resources
2023-01-19 15:18:36,494 [Worker-153: Launching TestBase] INFO  o.e.m.c.i.embedder.EclipseLogger - Using 'UTF-8' encoding to copy filtered resources.
2023-01-19 15:18:36,494 [Worker-153: Launching TestBase] INFO  o.e.m.c.i.embedder.EclipseLogger - skip non existing resourceDirectory C:\Users\Sonali\Desktop\GitHub\Excercise\FerliniExcercise\src\main\resources
2023-01-19 15:18:36,495 [Worker-153: Launching TestBase] INFO  o.e.m.c.i.embedder.EclipseLogger - Using 'UTF-8' encoding to copy filtered resources.
2023-01-19 15:18:36,495 [Worker-153: Launching TestBase] INFO  o.e.m.c.i.embedder.EclipseLogger - skip non existing resourceDirectory C:\Users\Sonali\Desktop\GitHub\Excercise\FerliniExcercise\src\test\resources
2023-01-19 15:19:39,540 [Worker-155: Launching TestBase] INFO  o.e.m.c.i.embedder.EclipseLogger - Using 'UTF-8' encoding to copy filtered resources.
2023-01-19 15:19:39,540 [Worker-155: Launching TestBase] INFO  o.e.m.c.i.embedder.EclipseLogger - skip non existing resourceDirectory C:\Users\Sonali\Desktop\GitHub\Excercise\FerliniExcercise\src\main\resources
2023-01-19 15:19:39,540 [Worker-155: Launching TestBase] INFO  o.e.m.c.i.embedder.EclipseLogger - Using 'UTF-8' encoding to copy filtered resources.
2023-01-19 15:19:39,540 [Worker-155: Launching TestBase] INFO  o.e.m.c.i.embedder.EclipseLogger - skip non existing resourceDirectory C:\Users\Sonali\Desktop\GitHub\Excercise\FerliniExcercise\src\test\resources
2023-01-19 15:23:52,751 [Worker-153: Launching TestBase] INFO  o.e.m.c.i.embedder.EclipseLogger - Using 'UTF-8' encoding to copy filtered resources.
2023-01-19 15:23:52,751 [Worker-153: Launching TestBase] INFO  o.e.m.c.i.embedder.EclipseLogger - skip non existing resourceDirectory C:\Users\Sonali\Desktop\GitHub\Excercise\FerliniExcercise\src\main\resources
2023-01-19 15:23:52,753 [Worker-153: Launching TestBase] INFO  o.e.m.c.i.embedder.EclipseLogger - Using 'UTF-8' encoding to copy filtered resources.
2023-01-19 15:23:52,753 [Worker-153: Launching TestBase] INFO  o.e.m.c.i.embedder.EclipseLogger - skip non existing resourceDirectory C:\Users\Sonali\Desktop\GitHub\Excercise\FerliniExcercise\src\test\resources
2023-01-19 15:56:29,707 [Worker-153: Launching TestBase] INFO  o.e.m.c.i.embedder.EclipseLogger - Using 'UTF-8' encoding to copy filtered resources.
2023-01-19 15:56:29,708 [Worker-153: Launching TestBase] INFO  o.e.m.c.i.embedder.EclipseLogger - skip non existing resourceDirectory C:\Users\Sonali\Desktop\GitHub\Excercise\FerliniExcercise\src\main\resources
2023-01-19 15:56:29,709 [Worker-153: Launching TestBase] INFO  o.e.m.c.i.embedder.EclipseLogger - Using 'UTF-8' encoding to copy filtered resources.
2023-01-19 15:56:29,709 [Worker-153: Launching TestBase] INFO  o.e.m.c.i.embedder.EclipseLogger - skip non existing resourceDirectory C:\Users\Sonali\Desktop\GitHub\Excercise\FerliniExcercise\src\test\resources
2023-01-19 15:57:28,109 [Worker-149: Launching TestBase] INFO  o.e.m.c.i.embedder.EclipseLogger - Using 'UTF-8' encoding to copy filtered resources.
2023-01-19 15:57:28,109 [Worker-149: Launching TestBase] INFO  o.e.m.c.i.embedder.EclipseLogger - skip non existing resourceDirectory C:\Users\Sonali\Desktop\GitHub\Excercise\FerliniExcercise\src\main\resources
2023-01-19 15:57:28,111 [Worker-149: Launching TestBase] INFO  o.e.m.c.i.embedder.EclipseLogger - Using 'UTF-8' encoding to copy filtered resources.
2023-01-19 15:57:28,111 [Worker-149: Launching TestBase] INFO  o.e.m.c.i.embedder.EclipseLogger - skip non existing resourceDirectory C:\Users\Sonali\Desktop\GitHub\Excercise\FerliniExcercise\src\test\resources
2023-01-19 15:58:57,532 [Worker-164: Launching TestBase] INFO  o.e.m.c.i.embedder.EclipseLogger - Using 'UTF-8' encoding to copy filtered resources.
2023-01-19 15:58:57,532 [Worker-164: Launching TestBase] INFO  o.e.m.c.i.embedder.EclipseLogger - skip non existing resourceDirectory C:\Users\Sonali\Desktop\GitHub\Excercise\FerliniExcercise\src\main\resources
2023-01-19 15:58:57,534 [Worker-164: Launching TestBase] INFO  o.e.m.c.i.embedder.EclipseLogger - Using 'UTF-8' encoding to copy filtered resources.
2023-01-19 15:58:57,534 [Worker-164: Launching TestBase] INFO  o.e.m.c.i.embedder.EclipseLogger - skip non existing resourceDirectory C:\Users\Sonali\Desktop\GitHub\Excercise\FerliniExcercise\src\test\resources
2023-01-19 16:02:34,042 [Worker-164: Launching TestBase] INFO  o.e.m.c.i.embedder.EclipseLogger - Using 'UTF-8' encoding to copy filtered resources.
2023-01-19 16:02:34,043 [Worker-164: Launching TestBase] INFO  o.e.m.c.i.embedder.EclipseLogger - skip non existing resourceDirectory C:\Users\Sonali\Desktop\GitHub\Excercise\FerliniExcercise\src\main\resources
2023-01-19 16:02:34,044 [Worker-164: Launching TestBase] INFO  o.e.m.c.i.embedder.EclipseLogger - Using 'UTF-8' encoding to copy filtered resources.
2023-01-19 16:02:34,044 [Worker-164: Launching TestBase] INFO  o.e.m.c.i.embedder.EclipseLogger - skip non existing resourceDirectory C:\Users\Sonali\Desktop\GitHub\Excercise\FerliniExcercise\src\test\resources
2023-01-19 16:05:25,637 [Worker-168: Launching Contattaci.checcontattaci] INFO  o.e.m.c.i.embedder.EclipseLogger - Using 'UTF-8' encoding to copy filtered resources.
2023-01-19 16:05:25,637 [Worker-168: Launching Contattaci.checcontattaci] INFO  o.e.m.c.i.embedder.EclipseLogger - skip non existing resourceDirectory C:\Users\Sonali\Desktop\GitHub\Excercise\FerliniExcercise\src\main\resources
2023-01-19 16:05:25,638 [Worker-168: Launching Contattaci.checcontattaci] INFO  o.e.m.c.i.embedder.EclipseLogger - Using 'UTF-8' encoding to copy filtered resources.
2023-01-19 16:05:25,638 [Worker-168: Launching Contattaci.checcontattaci] INFO  o.e.m.c.i.embedder.EclipseLogger - skip non existing resourceDirectory C:\Users\Sonali\Desktop\GitHub\Excercise\FerliniExcercise\src\test\resources
2023-01-19 16:06:05,478 [Worker-168: Launching Contattaci.checcontattaci] INFO  o.e.m.c.i.embedder.EclipseLogger - Using 'UTF-8' encoding to copy filtered resources.
2023-01-19 16:06:05,478 [Worker-168: Launching Contattaci.checcontattaci] INFO  o.e.m.c.i.embedder.EclipseLogger - skip non existing resourceDirectory C:\Users\Sonali\Desktop\GitHub\Excercise\FerliniExcercise\src\main\resources
2023-01-19 16:06:05,479 [Worker-168: Launching Contattaci.checcontattaci] INFO  o.e.m.c.i.embedder.EclipseLogger - Using 'UTF-8' encoding to copy filtered resources.
2023-01-19 16:06:05,479 [Worker-168: Launching Contattaci.checcontattaci] INFO  o.e.m.c.i.embedder.EclipseLogger - skip non existing resourceDirectory C:\Users\Sonali\Desktop\GitHub\Excercise\FerliniExcercise\src\test\resources
2023-01-19 16:07:18,629 [Worker-172: Launching TestBase] INFO  o.e.m.c.i.embedder.EclipseLogger - Using 'UTF-8' encoding to copy filtered resources.
2023-01-19 16:07:18,629 [Worker-172: Launching TestBase] INFO  o.e.m.c.i.embedder.EclipseLogger - skip non existing resourceDirectory C:\Users\Sonali\Desktop\GitHub\Excercise\FerliniExcercise\src\main\resources
2023-01-19 16:07:18,631 [Worker-172: Launching TestBase] INFO  o.e.m.c.i.embedder.EclipseLogger - Using 'UTF-8' encoding to copy filtered resources.
2023-01-19 16:07:18,631 [Worker-172: Launching TestBase] INFO  o.e.m.c.i.embedder.EclipseLogger - skip non existing resourceDirectory C:\Users\Sonali\Desktop\GitHub\Excercise\FerliniExcercise\src\test\resources
